<?xml version="1.0" encoding="UTF-8"?>
<testsuite xmlns:xsi="http://www.w3.org/2001/XMLSchema-instance" xsi:noNamespaceSchemaLocation="https://maven.apache.org/surefire/maven-surefire-plugin/xsd/surefire-test-report-3.0.xsd" version="3.0" name="org.sfa.volunteer.controller.UserControllerDiffblueTest" time="1.352" tests="5" errors="0" skipped="0" failures="0">
  <properties>
[...]
</properties>
  <testcase name="testSaveUser" classname="org.sfa.volunteer.controller.UserControllerDiffblueTest" time="0.933">
    <system-out><![CDATA[2024-07-18T22:21:01.337-04:00  INFO 11291 --- [           main] o.s.mock.web.MockServletContext          : Initializing Spring TestDispatcherServlet ''
2024-07-18T22:21:01.337-04:00  INFO 11291 --- [           main] o.s.t.web.servlet.TestDispatcherServlet  : Initializing Servlet ''
2024-07-18T22:21:01.338-04:00  INFO 11291 --- [           main] o.s.t.web.servlet.TestDispatcherServlet  : Completed initialization in 0 ms
]]></system-out>
  </testcase>
  <testcase name="testGetAllUsers" classname="org.sfa.volunteer.controller.UserControllerDiffblueTest" time="0.017">
    <system-out><![CDATA[2024-07-18T22:21:01.799-04:00  INFO 11291 --- [           main] o.s.mock.web.MockServletContext          : Initializing Spring TestDispatcherServlet ''
2024-07-18T22:21:01.799-04:00  INFO 11291 --- [           main] o.s.t.web.servlet.TestDispatcherServlet  : Initializing Servlet ''
2024-07-18T22:21:01.800-04:00  INFO 11291 --- [           main] o.s.t.web.servlet.TestDispatcherServlet  : Completed initialization in 0 ms
]]></system-out>
  </testcase>
  <testcase name="testUpdateUser" classname="org.sfa.volunteer.controller.UserControllerDiffblueTest" time="0.032">
    <system-out><![CDATA[2024-07-18T22:21:01.823-04:00  INFO 11291 --- [           main] o.s.mock.web.MockServletContext          : Initializing Spring TestDispatcherServlet ''
2024-07-18T22:21:01.823-04:00  INFO 11291 --- [           main] o.s.t.web.servlet.TestDispatcherServlet  : Initializing Servlet ''
2024-07-18T22:21:01.824-04:00  INFO 11291 --- [           main] o.s.t.web.servlet.TestDispatcherServlet  : Completed initialization in 0 ms
]]></system-out>
  </testcase>
  <testcase name="testGetUser" classname="org.sfa.volunteer.controller.UserControllerDiffblueTest" time="0.036">
    <system-out><![CDATA[2024-07-18T22:21:01.853-04:00  INFO 11291 --- [           main] o.s.mock.web.MockServletContext          : Initializing Spring TestDispatcherServlet ''
2024-07-18T22:21:01.853-04:00  INFO 11291 --- [           main] o.s.t.web.servlet.TestDispatcherServlet  : Initializing Servlet ''
2024-07-18T22:21:01.854-04:00  INFO 11291 --- [           main] o.s.t.web.servlet.TestDispatcherServlet  : Completed initialization in 0 ms
]]></system-out>
  </testcase>
  <testcase name="testDeleteUser" classname="org.sfa.volunteer.controller.UserControllerDiffblueTest" time="0.032">
    <system-out><![CDATA[2024-07-18T22:21:01.902-04:00  INFO 11291 --- [           main] o.s.mock.web.MockServletContext          : Initializing Spring TestDispatcherServlet ''
2024-07-18T22:21:01.903-04:00  INFO 11291 --- [           main] o.s.t.web.servlet.TestDispatcherServlet  : Initializing Servlet ''
2024-07-18T22:21:01.903-04:00  INFO 11291 --- [           main] o.s.t.web.servlet.TestDispatcherServlet  : Completed initialization in 0 ms
]]></system-out>
  </testcase>
</testsuite>